<?xml version="1.0" encoding="UTF-8"?>
<testsuites>
  <testsuite name="Karla test suite" tests="38" assertions="39" failures="0" errors="0" time="1.463495">
    <testsuite name="ConvertTest" file="/Users/joe/Sites/Karla/tests/Karla/ConvertTest.php" fullPackage="Karla.Karla" category="Test" package="Karla" subpackage="Karla" tests="23" assertions="24" failures="0" errors="0" time="0.839445">
      <testcase name="inputfileWithoutOutputfile" class="ConvertTest" file="/Users/joe/Sites/Karla/tests/Karla/ConvertTest.php" line="53" assertions="1" time="0.034288"/>
      <testcase name="outputfileWithoutInputfile" class="ConvertTest" file="/Users/joe/Sites/Karla/tests/Karla/ConvertTest.php" line="66" assertions="1" time="0.033338"/>
      <testcase name="inputfileAndOutputfile" class="ConvertTest" file="/Users/joe/Sites/Karla/tests/Karla/ConvertTest.php" line="78" assertions="1" time="0.041763"/>
      <testcase name="background" class="ConvertTest" file="/Users/joe/Sites/Karla/tests/Karla/ConvertTest.php" line="91" assertions="1" time="0.032240"/>
      <testcase name="bordercolorWithColorName" class="ConvertTest" file="/Users/joe/Sites/Karla/tests/Karla/ConvertTest.php" line="104" assertions="1" time="0.033057"/>
      <testcase name="bordercolorWithHexColor" class="ConvertTest" file="/Users/joe/Sites/Karla/tests/Karla/ConvertTest.php" line="117" assertions="1" time="0.032703"/>
      <testcase name="bordercolorWithRgbColor" class="ConvertTest" file="/Users/joe/Sites/Karla/tests/Karla/ConvertTest.php" line="130" assertions="1" time="0.033112"/>
      <testcase name="removeProfile" class="ConvertTest" file="/Users/joe/Sites/Karla/tests/Karla/ConvertTest.php" line="144" assertions="1" time="0.032701"/>
      <testcase name="testResample" class="ConvertTest" file="/Users/joe/Sites/Karla/tests/Karla/ConvertTest.php" line="157" assertions="1" time="0.033349"/>
      <testcase name="testResampleWithOnlyWidth" class="ConvertTest" file="/Users/joe/Sites/Karla/tests/Karla/ConvertTest.php" line="169" assertions="1" time="0.032566"/>
      <testcase name="testReset" class="ConvertTest" file="/Users/joe/Sites/Karla/tests/Karla/ConvertTest.php" line="182" assertions="2" time="0.033361"/>
      <testcase name="testSize" class="ConvertTest" file="/Users/joe/Sites/Karla/tests/Karla/ConvertTest.php" line="198" assertions="1" time="0.032943"/>
      <testcase name="testDensity" class="ConvertTest" file="/Users/joe/Sites/Karla/tests/Karla/ConvertTest.php" line="210" assertions="1" time="0.032620"/>
      <testcase name="testFlatten" class="ConvertTest" file="/Users/joe/Sites/Karla/tests/Karla/ConvertTest.php" line="223" assertions="1" time="0.034384"/>
      <testcase name="testStrip" class="ConvertTest" file="/Users/joe/Sites/Karla/tests/Karla/ConvertTest.php" line="236" assertions="1" time="0.033652"/>
      <testcase name="testProfile" class="ConvertTest" file="/Users/joe/Sites/Karla/tests/Karla/ConvertTest.php" line="249" assertions="1" time="0.032488"/>
      <testcase name="testChangeProfile" class="ConvertTest" file="/Users/joe/Sites/Karla/tests/Karla/ConvertTest.php" line="262" assertions="1" time="0.032979"/>
      <testcase name="testLayers" class="ConvertTest" file="/Users/joe/Sites/Karla/tests/Karla/ConvertTest.php" line="276" assertions="1" time="0.056321"/>
      <testcase name="testResize" class="ConvertTest" file="/Users/joe/Sites/Karla/tests/Karla/ConvertTest.php" line="289" assertions="1" time="0.033119"/>
      <testcase name="testCrop" class="ConvertTest" file="/Users/joe/Sites/Karla/tests/Karla/ConvertTest.php" line="302" assertions="1" time="0.033017"/>
      <testcase name="testQuality" class="ConvertTest" file="/Users/joe/Sites/Karla/tests/Karla/ConvertTest.php" line="315" assertions="1" time="0.033136"/>
      <testcase name="testColorspace" class="ConvertTest" file="/Users/joe/Sites/Karla/tests/Karla/ConvertTest.php" line="328" assertions="1" time="0.056429"/>
      <testcase name="testGravity" class="ConvertTest" file="/Users/joe/Sites/Karla/tests/Karla/ConvertTest.php" line="341" assertions="1" time="0.055879"/>
    </testsuite>
    <testsuite name="IdentifyTest" file="/Users/joe/Sites/Karla/tests/Karla/IdentifyTest.php" fullPackage="Karla.Karla" category="Test" package="Karla" subpackage="Karla" tests="10" assertions="10" failures="0" errors="0" time="0.438763">
      <testcase name="inputfile" class="IdentifyTest" file="/Users/joe/Sites/Karla/tests/Karla/IdentifyTest.php" line="52" assertions="1" time="0.033806"/>
      <testcase name="invalidInputfile" class="IdentifyTest" file="/Users/joe/Sites/Karla/tests/Karla/IdentifyTest.php" line="65" assertions="1" time="0.032439"/>
      <testcase name="execute" class="IdentifyTest" file="/Users/joe/Sites/Karla/tests/Karla/IdentifyTest.php" line="77" assertions="1" time="0.059885"/>
      <testcase name="executeNoRaw" class="IdentifyTest" file="/Users/joe/Sites/Karla/tests/Karla/IdentifyTest.php" line="89" assertions="1" time="0.060959"/>
      <testcase name="executeNoReset" class="IdentifyTest" file="/Users/joe/Sites/Karla/tests/Karla/IdentifyTest.php" line="101" assertions="1" time="0.058417"/>
      <testcase name="executeNoResetNoRaw" class="IdentifyTest" file="/Users/joe/Sites/Karla/tests/Karla/IdentifyTest.php" line="114" assertions="1" time="0.060150"/>
      <testcase name="verbose" class="IdentifyTest" file="/Users/joe/Sites/Karla/tests/Karla/IdentifyTest.php" line="127" assertions="1" time="0.033141"/>
      <testcase name="verboseTwice" class="IdentifyTest" file="/Users/joe/Sites/Karla/tests/Karla/IdentifyTest.php" line="139" assertions="1" time="0.033350"/>
      <testcase name="gravity" class="IdentifyTest" file="/Users/joe/Sites/Karla/tests/Karla/IdentifyTest.php" line="151" assertions="1" time="0.032961"/>
      <testcase name="gravityTwice" class="IdentifyTest" file="/Users/joe/Sites/Karla/tests/Karla/IdentifyTest.php" line="163" assertions="1" time="0.033655"/>
    </testsuite>
    <testsuite name="KarlaTest" file="/Users/joe/Sites/Karla/tests/Karla/KarlaTest.php" fullPackage="Karla.Karla" category="Test" package="Karla" subpackage="Karla" tests="5" assertions="5" failures="0" errors="0" time="0.185287">
      <testcase name="testGetInstance" class="KarlaTest" file="/Users/joe/Sites/Karla/tests/Karla/KarlaTest.php" line="52" assertions="1" time="0.031807"/>
      <testcase name="testRaw" class="KarlaTest" file="/Users/joe/Sites/Karla/tests/Karla/KarlaTest.php" line="64" assertions="1" time="0.055256"/>
      <testcase name="testConvert" class="KarlaTest" file="/Users/joe/Sites/Karla/tests/Karla/KarlaTest.php" line="76" assertions="1" time="0.032625"/>
      <testcase name="testIdentify" class="KarlaTest" file="/Users/joe/Sites/Karla/tests/Karla/KarlaTest.php" line="88" assertions="1" time="0.032380"/>
      <testcase name="testComposite" class="KarlaTest" file="/Users/joe/Sites/Karla/tests/Karla/KarlaTest.php" line="100" assertions="1" time="0.033219"/>
    </testsuite>
  </testsuite>
</testsuites>
